bizzan-android/app/build/intermediates/proguard-rules/debug/aapt_rules.txt
# Referenced at merged_manifests\debug\AndroidManifest.xml:26
-keep class android.support.v4.app.CoreComponentFactory { <init>(); }
# Referenced at merged_manifests\debug\AndroidManifest.xml:42
-keep class android.support.v4.content.FileProvider { <init>(); }
# Referenced at merged_manifests\debug\AndroidManifest.xml:26
-keep class com.bizzan.app.MyApplication { <init>(); }
# Referenced at merged_manifests\debug\AndroidManifest.xml:198
-keep class com.bizzan.serivce.MyService { <init>(); }
# Referenced at merged_manifests\debug\AndroidManifest.xml:199
-keep class com.bizzan.serivce.MyTextService { <init>(); }
# Referenced at merged_manifests\debug\AndroidManifest.xml:200
-keep class com.bizzan.serivce.MyTextService_contract { <init>(); }
# Referenced at merged_manifests\debug\AndroidManifest.xml:175
-keep class com.bizzan.ui.aboutus.AboutJianJieActivity { <init>(); }
# Referenced at merged_manifests\debug\AndroidManifest.xml:135
-keep class com.bizzan.ui.aboutus.AboutUsActivity { <init>(); }
# Referenced at merged_manifests\debug\AndroidManifest.xml:176
-keep class com.bizzan.ui.aboutus.AboutWeiXinActivity { <init>(); }
# Referenced at merged_manifests\debug\AndroidManifest.xml:192
-keep class com.bizzan.ui.aboutus.AddUrlActivity { <init>(); }
# Referenced at merged_manifests\debug\AndroidManifest.xml:141
-keep class com.bizzan.ui.account_pwd.AccountPwdActivity { <init>(); }
# Referenced at merged_manifests\debug\AndroidManifest.xml:162
-keep class com.bizzan.ui.account_pwd.EditAccountPwdActivity { <init>(); }
# Referenced at merged_manifests\debug\AndroidManifest.xml:163
-keep class com.bizzan.ui.account_pwd.ResetAccountPwdActivity { <init>(); }
# Referenced at merged_manifests\debug\AndroidManifest.xml:161
-keep class com.bizzan.ui.appeal.AppealActivity { <init>(); }
# Referenced at merged_manifests\debug\AndroidManifest.xml:171
-keep class com.bizzan.ui.bind_account.BindAccountActivity { <init>(); }
# Referenced at merged_manifests\debug\AndroidManifest.xml:172
-keep class com.bizzan.ui.bind_account.BindAliActivity { <init>(); }
# Referenced at merged_manifests\debug\AndroidManifest.xml:173
-keep class com.bizzan.ui.bind_account.BindBankActivity { <init>(); }
# Referenced at merged_manifests\debug\AndroidManifest.xml:174
-keep class com.bizzan.ui.bind_account.BindWeiChatActivity { <init>(); }
# Referenced at merged_manifests\debug\AndroidManifest.xml:149
-keep class com.bizzan.ui.bind_email.BindEmailActivity { <init>(); }
# Referenced at merged_manifests\debug\AndroidManifest.xml:150
-keep class com.bizzan.ui.bind_email.EmailActivity { <init>(); }
# Referenced at merged_manifests\debug\AndroidManifest.xml:148
-keep class com.bizzan.ui.bind_phone.BindPhoneActivity { <init>(); }
# Referenced at merged_manifests\debug\AndroidManifest.xml:152
-keep class com.bizzan.ui.bind_phone.PhoneActivity { <init>(); }
# Referenced at merged_manifests\debug\AndroidManifest.xml:142
-keep class com.bizzan.ui.buy_or_sell.C2CBuyOrSellActivity { <init>(); }
# Referenced at merged_manifests\debug\AndroidManifest.xml:154
-keep class com.bizzan.ui.change_phone.ChangeLeadActivity { <init>(); }
# Referenced at merged_manifests\debug\AndroidManifest.xml:153
-keep class com.bizzan.ui.change_phone.ChangePhoneActivity { <init>(); }
# Referenced at merged_manifests\debug\AndroidManifest.xml:165
-keep class com.bizzan.ui.chat.ChatActivity { <init>(); }
# Referenced at merged_manifests\debug\AndroidManifest.xml:164
-keep class com.bizzan.ui.chatlist.ChatListActivity { <init>(); }
# Referenced at merged_manifests\debug\AndroidManifest.xml:66
-keep class com.bizzan.ui.common.LeadActivity { <init>(); }
# Referenced at merged_manifests\debug\AndroidManifest.xml:70
-keep class com.bizzan.ui.common.PermissionActivity { <init>(); }
# Referenced at merged_manifests\debug\AndroidManifest.xml:74
-keep class com.bizzan.ui.common.StartActivity { <init>(); }
# Referenced at merged_manifests\debug\AndroidManifest.xml:140
-keep class com.bizzan.ui.country.CountryActivity { <init>(); }
# Referenced at merged_manifests\debug\AndroidManifest.xml:123
-keep class com.bizzan.ui.credit.CreditActivity { <init>(); }
# Referenced at merged_manifests\debug\AndroidManifest.xml:189
-keep class com.bizzan.ui.credit.CreditInfoActivity { <init>(); }
# Referenced at merged_manifests\debug\AndroidManifest.xml:145
-keep class com.bizzan.ui.ctc.CTCActivity { <init>(); }
# Referenced at merged_manifests\debug\AndroidManifest.xml:146
-keep class com.bizzan.ui.ctc.CTCOrderDetailActivity { <init>(); }
# Referenced at merged_manifests\debug\AndroidManifest.xml:151
-keep class com.bizzan.ui.edit_login_pwd.EditLoginPwdActivity { <init>(); }
# Referenced at merged_manifests\debug\AndroidManifest.xml:169
-keep class com.bizzan.ui.entrust.TrustDetailActivity { <init>(); }
# Referenced at merged_manifests\debug\AndroidManifest.xml:166
-keep class com.bizzan.ui.entrust.TrustListActivity { <init>(); }
# Referenced at merged_manifests\debug\AndroidManifest.xml:167
-keep class com.bizzan.ui.entrust.TrustListConstractActivity { <init>(); }
# Referenced at merged_manifests\debug\AndroidManifest.xml:168
-keep class com.bizzan.ui.entrust.TrustlistconstractdataActivity { <init>(); }
# Referenced at merged_manifests\debug\AndroidManifest.xml:147
-keep class com.bizzan.ui.extract.AddressActivity { <init>(); }
# Referenced at merged_manifests\debug\AndroidManifest.xml:144
-keep class com.bizzan.ui.extract.ExtractActivity { <init>(); }
# Referenced at merged_manifests\debug\AndroidManifest.xml:131
-keep class com.bizzan.ui.feed.FeedbackActivity { <init>(); }
# Referenced at merged_manifests\debug\AndroidManifest.xml:94
-keep class com.bizzan.ui.forgot_pwd.ForgotPwdActivity { <init>(); }
# Referenced at merged_manifests\debug\AndroidManifest.xml:56
-keep class com.bizzan.ui.home.MainActivity { <init>(); }
# Referenced at merged_manifests\debug\AndroidManifest.xml:85
-keep class com.bizzan.ui.kline.KlineActivity { <init>(); }
# Referenced at merged_manifests\debug\AndroidManifest.xml:156
-keep class com.bizzan.ui.lock.LockActivity { <init>(); }
# Referenced at merged_manifests\debug\AndroidManifest.xml:61
-keep class com.bizzan.ui.login.LoginActivity { <init>(); }
# Referenced at merged_manifests\debug\AndroidManifest.xml:119
-keep class com.bizzan.ui.message.MessageActivity { <init>(); }
# Referenced at merged_manifests\debug\AndroidManifest.xml:155
-keep class com.bizzan.ui.message_detail.MessageDetailActivity { <init>(); }
# Referenced at merged_manifests\debug\AndroidManifest.xml:181
-keep class com.bizzan.ui.message_detail.MessageHelpActivity { <init>(); }
# Referenced at merged_manifests\debug\AndroidManifest.xml:170
-keep class com.bizzan.ui.myEntrust.MyEntrustActivity { <init>(); }
# Referenced at merged_manifests\debug\AndroidManifest.xml:115
-keep class com.bizzan.ui.my_ads.AdsActivity { <init>(); }
# Referenced at merged_manifests\debug\AndroidManifest.xml:111
-keep class com.bizzan.ui.my_order.MyOrderActivity { <init>(); }
# Referenced at merged_manifests\debug\AndroidManifest.xml:98
-keep class com.bizzan.ui.myinfo.MyInfoActivity { <init>(); }
# Referenced at merged_manifests\debug\AndroidManifest.xml:160
-keep class com.bizzan.ui.order_detail.OrderDetailActivity { <init>(); }
# Referenced at merged_manifests\debug\AndroidManifest.xml:143
-keep class com.bizzan.ui.recharge.RechargeActivity { <init>(); }
# Referenced at merged_manifests\debug\AndroidManifest.xml:139
-keep class com.bizzan.ui.releaseAd.ReleaseAdsActivity { <init>(); }
# Referenced at merged_manifests\debug\AndroidManifest.xml:190
-keep class com.bizzan.ui.seller.SellerApplyActivity { <init>(); }
# Referenced at merged_manifests\debug\AndroidManifest.xml:191
-keep class com.bizzan.ui.seller.SellerApplyCommitActivity { <init>(); }
# Referenced at merged_manifests\debug\AndroidManifest.xml:157
-keep class com.bizzan.ui.set_lock.SetLockActivity { <init>(); }
# Referenced at merged_manifests\debug\AndroidManifest.xml:179
-keep class com.bizzan.ui.setting.GongGaoActivity { <init>(); }
# Referenced at merged_manifests\debug\AndroidManifest.xml:180
-keep class com.bizzan.ui.setting.HelpActivity { <init>(); }
# Referenced at merged_manifests\debug\AndroidManifest.xml:185
-keep class com.bizzan.ui.setting.HelpBizhongActivity { <init>(); }
# Referenced at merged_manifests\debug\AndroidManifest.xml:183
-keep class com.bizzan.ui.setting.HelpChangjianActivity { <init>(); }
# Referenced at merged_manifests\debug\AndroidManifest.xml:186
-keep class com.bizzan.ui.setting.HelpHangqingActivity { <init>(); }
# Referenced at merged_manifests\debug\AndroidManifest.xml:184
-keep class com.bizzan.ui.setting.HelpJiaoyiActivity { <init>(); }
# Referenced at merged_manifests\debug\AndroidManifest.xml:188
-keep class com.bizzan.ui.setting.HelpQitaActivity { <init>(); }
# Referenced at merged_manifests\debug\AndroidManifest.xml:187
-keep class com.bizzan.ui.setting.HelpTiaokuanActivity { <init>(); }
# Referenced at merged_manifests\debug\AndroidManifest.xml:182
-keep class com.bizzan.ui.setting.HelpXinShouActivity { <init>(); }
# Referenced at merged_manifests\debug\AndroidManifest.xml:196
-keep class com.bizzan.ui.setting.LanguageActivity { <init>(); }
# Referenced at merged_manifests\debug\AndroidManifest.xml:127
-keep class com.bizzan.ui.setting.SettingActivity { <init>(); }
# Referenced at merged_manifests\debug\AndroidManifest.xml:89
-keep class com.bizzan.ui.signup.SignUpActivity { <init>(); }
# Referenced at merged_manifests\debug\AndroidManifest.xml:177
-keep class com.bizzan.ui.wallet.ChongBiJLActivity { <init>(); }
# Referenced at merged_manifests\debug\AndroidManifest.xml:193
-keep class com.bizzan.ui.wallet.OverturnActivity { <init>(); }
# Referenced at merged_manifests\debug\AndroidManifest.xml:39
-keep class com.bizzan.ui.wallet.SelectAccountActivity { <init>(); }
# Referenced at merged_manifests\debug\AndroidManifest.xml:38
-keep class com.bizzan.ui.wallet.SelectCoinActivity { <init>(); }
# Referenced at merged_manifests\debug\AndroidManifest.xml:178
-keep class com.bizzan.ui.wallet.TiBiJLActivity { <init>(); }
# Referenced at merged_manifests\debug\AndroidManifest.xml:103
-keep class com.bizzan.ui.wallet.WalletActivity { <init>(); }
# Referenced at merged_manifests\debug\AndroidManifest.xml:40
-keep class com.bizzan.ui.wallet.WalletListActivity { <init>(); }
# Referenced at merged_manifests\debug\AndroidManifest.xml:107
-keep class com.bizzan.ui.wallet_detail.WalletDetailActivity { <init>(); }
# Referenced at merged_manifests\debug\AndroidManifest.xml:202
-keep class com.maiml.updatelibrary.receiver.InstallReceiver { <init>(); }
# Referenced at merged_manifests\debug\AndroidManifest.xml:220
-keep class com.tencent.captchasdk.TCaptchaPopupActivity { <init>(); }
# Referenced at merged_manifests\debug\AndroidManifest.xml:208
-keep class com.uuzuche.lib_zxing.activity.CaptureActivity { <init>(); }
# Referenced at merged_manifests\debug\AndroidManifest.xml:214
-keep class com.yanzhenjie.permission.PermissionActivity { <init>(); }
# Referenced at res\layout\activity_start2.xml:2
-keep class android.support.constraint.ConstraintLayout { <init>(...); }

# Referenced at res\layout\design_bottom_navigation_item.xml:27
-keep class android.support.design.internal.BaselineLayout { <init>(...); }

# Referenced at res\layout\design_navigation_item.xml:17
-keep class android.support.design.internal.NavigationMenuItemView { <init>(...); }

# Referenced at res\layout\design_navigation_menu.xml:17
-keep class android.support.design.internal.NavigationMenuView { <init>(...); }

# Referenced at res\layout\fragment_four.xml:62
-keep class android.support.design.widget.AppBarLayout { <init>(...); }

# Referenced at res\layout\design_text_input_password_icon.xml:18
-keep class android.support.design.widget.CheckableImageButton { <init>(...); }

# Referenced at res\layout\fragment_four.xml:70
-keep class android.support.design.widget.CollapsingToolbarLayout { <init>(...); }

# Referenced at res\layout\fragment_four.xml:58
# Referenced at res\layout\design_bottom_sheet_dialog.xml:26
-keep class android.support.design.widget.CoordinatorLayout { <init>(...); }

# Referenced at res\layout\mtrl_layout_snackbar.xml:18
# Referenced at res\layout\design_layout_snackbar.xml:18
-keep class android.support.design.widget.Snackbar$SnackbarLayout { <init>(...); }

# Referenced at res\layout\mtrl_layout_snackbar_include.xml:18
# Referenced at res\layout\design_layout_snackbar_include.xml:18
-keep class android.support.design.widget.SnackbarContentLayout { <init>(...); }

# Referenced at res\layout\pop_six_flat.xml:32
# Referenced at res\layout\fragment_two.xml:72
# Referenced at res\layout\fragment_six.xml:130
# Referenced at res\layout\fragment_seven.xml:116
# Referenced at res\layout\fragment_kline.xml:298
# Referenced at res\layout\fragment_four.xml:153
# Referenced at res\layout\activity_my_order.xml:82
# Referenced at res\layout\activity_main.xml:275
-keep class android.support.design.widget.TabLayout { <init>(...); }

# Referenced at res\layout\fragment_phone_sign_up.xml:130
# Referenced at res\layout\fragment_email_sign_up.xml:92
# Referenced at res\layout\fragment_email_forgot.xml:108
-keep class android.support.design.widget.TextInputLayout { <init>(...); }

# Referenced at res\layout\fragment_one.xml:394
# Referenced at res\layout\fragment_four.xml:167
# Referenced at res\layout\activity_seller_apply.xml:127
# Referenced at res\layout\activity_my_order.xml:99
# Referenced at res\layout\activity_main.xml:284
# Referenced at res\layout\activity_lead.xml:7
-keep class android.support.v4.view.ViewPager { <init>(...); }

# Referenced at res\layout\activity_main.xml:2
-keep class android.support.v4.widget.DrawerLayout { <init>(...); }

# Referenced at res\layout\frgment_text_three.xml:73
# Referenced at res\layout\fragment_six.xml:115
# Referenced at res\layout\fragment_seven.xml:101
# Referenced at res\layout\fragment_five.xml:102
# Referenced at res\layout\activity_ctc.xml:135
# Referenced at res\layout\abc_alert_dialog_material.xml:41
-keep class android.support.v4.widget.NestedScrollView { <init>(...); }

# Referenced at res\layout\fragment_six.xml:110
# Referenced at res\layout\fragment_ing_order.xml:8
# Referenced at res\layout\fragment_ad.xml:7
# Referenced at res\layout\custom_listview_fresh.xml:2
# Referenced at res\layout\activity_wallet_detail.xml:16
# Referenced at res\layout\activity_my_entrust.xml:72
# Referenced at res\layout\activity_message.xml:66
# Referenced at res\layout\activity_current_trust.xml:20
# Referenced at res\layout\activity_current_constract.xml:22
# Referenced at res\layout\activity_ctc.xml:586
# Referenced at res\layout\activity_chat.xml:77
-keep class android.support.v4.widget.SwipeRefreshLayout { <init>(...); }

# Referenced at res\layout\abc_select_dialog_material.xml:23
-keep class android.support.v7.app.AlertController$RecycleListView { <init>(...); }

# Referenced at res\layout\abc_action_menu_item_layout.xml:17
-keep class android.support.v7.view.menu.ActionMenuItemView { <init>(...); }

# Referenced at res\layout\abc_expanded_menu_layout.xml:17
-keep class android.support.v7.view.menu.ExpandedMenuView { <init>(...); }

# Referenced at res\layout\abc_popup_menu_item_layout.xml:17
# Referenced at res\layout\abc_list_menu_item_layout.xml:17
# Referenced at res\layout\abc_cascading_menu_item_layout.xml:20
-keep class android.support.v7.view.menu.ListMenuItemView { <init>(...); }

# Referenced at res\layout\abc_screen_toolbar.xml:27
-keep class android.support.v7.widget.ActionBarContainer { <init>(...); }

# Referenced at res\layout\abc_screen_toolbar.xml:43
# Referenced at res\layout\abc_action_mode_bar.xml:19
-keep class android.support.v7.widget.ActionBarContextView { <init>(...); }

# Referenced at res\layout\abc_screen_toolbar.xml:17
-keep class android.support.v7.widget.ActionBarOverlayLayout { <init>(...); }

# Referenced at res\layout\abc_action_menu_layout.xml:17
-keep class android.support.v7.widget.ActionMenuView { <init>(...); }

# Referenced at res\layout\abc_activity_chooser_view.xml:19
-keep class android.support.v7.widget.ActivityChooserView$InnerLayout { <init>(...); }

# Referenced at res\layout\abc_alert_dialog_material.xml:18
-keep class android.support.v7.widget.AlertDialogLayout { <init>(...); }

# Referenced at res\layout\abc_alert_dialog_button_bar_material.xml:26
-keep class android.support.v7.widget.ButtonBarLayout { <init>(...); }

# Referenced at res\layout\abc_screen_content_include.xml:19
-keep class android.support.v7.widget.ContentFrameLayout { <init>(...); }

# Referenced at res\layout\abc_alert_dialog_title_material.xml:45
-keep class android.support.v7.widget.DialogTitle { <init>(...); }

# Referenced at res\layout\abc_screen_simple_overlay_action_mode.xml:23
-keep class android.support.v7.widget.FitWindowsFrameLayout { <init>(...); }

# Referenced at res\layout\abc_screen_simple.xml:17
# Referenced at res\layout\abc_dialog_title_material.xml:22
-keep class android.support.v7.widget.FitWindowsLinearLayout { <init>(...); }

# Referenced at res\layout\pop_six_multiples2.xml:35
# Referenced at res\layout\pop_five_invite.xml:39
# Referenced at res\layout\frgment_text_three.xml:208
# Referenced at res\layout\fragment_volume.xml:67
# Referenced at res\layout\fragment_usdt_market.xml:8
# Referenced at res\layout\fragment_trust.xml:7
# Referenced at res\layout\fragment_six.xml:389
# Referenced at res\layout\fragment_seven.xml:167
# Referenced at res\layout\fragment_one.xml:515
# Referenced at res\layout\fragment_ing_order.xml:13
# Referenced at res\layout\fragment_favorite_market.xml:9
# Referenced at res\layout\fragment_eth_market.xml:8
# Referenced at res\layout\fragment_depth.xml:74
# Referenced at res\layout\fragment_contract.xml:8
# Referenced at res\layout\fragment_btc_market.xml:8
# Referenced at res\layout\fragment_ad.xml:12
# Referenced at res\layout\dialog_timelimit_view.xml:24
# Referenced at res\layout\dialog_coins_view.xml:24
# Referenced at res\layout\activity_wallet_list.xml:58
# Referenced at res\layout\activity_wallet_detail.xml:21
# Referenced at res\layout\activity_wallet.xml:315
# Referenced at res\layout\activity_trust_detail.xml:218
# Referenced at res\layout\activity_select_coin.xml:63
# Referenced at res\layout\activity_my_entrust.xml:78
# Referenced at res\layout\activity_message.xml:71
# Referenced at res\layout\activity_current_trust.xml:26
# Referenced at res\layout\activity_current_constract.xml:28
# Referenced at res\layout\activity_ctc.xml:593
# Referenced at res\layout\activity_country.xml:65
# Referenced at res\layout\activity_chat.xml:83
# Referenced at res\layout\activity_ads.xml:65
# Referenced at res\layout\activity_address.xml:67
-keep class android.support.v7.widget.RecyclerView { <init>(...); }

# Referenced at res\layout\abc_search_view.xml:75
-keep class android.support.v7.widget.SearchView$SearchAutoComplete { <init>(...); }

# Referenced at res\layout\abc_screen_toolbar.xml:36
-keep class android.support.v7.widget.Toolbar { <init>(...); }

# Referenced at res\layout\abc_screen_simple_overlay_action_mode.xml:32
# Referenced at res\layout\abc_screen_simple.xml:25
-keep class android.support.v7.widget.ViewStubCompat { <init>(...); }

# Referenced at res\layout\abc_alert_dialog_title_material.xml:56
# Referenced at res\layout\abc_alert_dialog_material.xml:52
# Referenced at res\layout\abc_alert_dialog_button_bar_material.xml:43
-keep class android.widget.Space { <init>(...); }

# Referenced at res\layout\activity_tibijilu.xml:30
# Referenced at res\layout\activity_help_xinshou.xml:126
# Referenced at res\layout\activity_help_tiaokuan.xml:126
# Referenced at res\layout\activity_help_qita.xml:126
# Referenced at res\layout\activity_help_jiaoyi.xml:126
# Referenced at res\layout\activity_help_hangqing.xml:126
# Referenced at res\layout\activity_help_changjian.xml:126
# Referenced at res\layout\activity_help_bizhong.xml:126
# Referenced at res\layout\activity_gonggao.xml:70