bizzan-android/app/build/outputs/mapping/debug/mapping.txt
# compiler: R8
# compiler_version: 1.4.94
# min_api: 21
com.bizzan.R$styleable -> b.b.a:
    10258:28576:void <clinit>() -> <clinit>
    10186:10186:void <init>() -> <init>
com.bizzan.adapter.AddAmount -> com.bizzan.adapter.AddAmount:
    com.bizzan.adapter.AddAmount$ItemSelectedCallBack mCallBack -> a
    17:18:void <init>(int,java.util.List) -> <init>
    22:26:void convert(com.chad.library.adapter.base.BaseViewHolder,java.lang.String) -> a
    29:30:void setItemSelectedCallBack(com.bizzan.adapter.AddAmount$ItemSelectedCallBack) -> a
    12:12:void convert(com.chad.library.adapter.base.BaseViewHolder,java.lang.Object) -> convert
com.bizzan.adapter.AddAmount$ItemSelectedCallBack -> com.bizzan.adapter.AddAmount$a:
    void convert(com.chad.library.adapter.base.BaseViewHolder,int) -> a
com.bizzan.adapter.AddMultiples -> com.bizzan.adapter.AddMultiples:
    com.bizzan.adapter.AddMultiples$ItemSelectedCallBack mCallBack -> a
    18:19:void <init>(int,java.util.List) -> <init>
    23:27:void convert(com.chad.library.adapter.base.BaseViewHolder,java.lang.String) -> a
    30:31:void setItemSelectedCallBack(com.bizzan.adapter.AddMultiples$ItemSelectedCallBack) -> a
    13:13:void convert(com.chad.library.adapter.base.BaseViewHolder,java.lang.Object) -> convert
com.bizzan.adapter.AddMultiples$ItemSelectedCallBack -> com.bizzan.adapter.AddMultiples$a:
    void convert(com.chad.library.adapter.base.BaseViewHolder,int) -> a
com.bizzan.adapter.AddressAdapter -> com.bizzan.adapter.AddressAdapter:
    19:20:void <init>(int,java.util.List) -> <init>
    24:27:void convert(com.chad.library.adapter.base.BaseViewHolder,com.bizzan.entity.Address) -> a
    17:17:void convert(com.chad.library.adapter.base.BaseViewHolder,java.lang.Object) -> convert
com.bizzan.adapter.AdsAdapter -> com.bizzan.adapter.AdsAdapter:
    android.content.Context context -> c
    java.lang.String username -> a
    java.lang.String avatar -> b
    33:37:void <init>(int,java.util.List,java.lang.String,java.lang.String,android.content.Context) -> <init>
    26:26:android.content.Context access$000(com.bizzan.adapter.AdsAdapter) -> a
    41:61:void convert(com.chad.library.adapter.base.BaseViewHolder,com.bizzan.entity.Ads) -> a
    26:26:void convert(com.chad.library.adapter.base.BaseViewHolder,java.lang.Object) -> convert
com.bizzan.adapter.AdsAdapter$1 -> com.bizzan.adapter.a:
    com.chad.library.adapter.base.BaseViewHolder val$helper -> f
    com.bizzan.adapter.AdsAdapter this$0 -> g
    52:52:void <init>(com.bizzan.adapter.AdsAdapter,android.widget.ImageView,com.chad.library.adapter.base.BaseViewHolder) -> <init>
    52:52:void setResource(java.lang.Object) -> a
    55:59:void setResource(android.graphics.Bitmap) -> a
com.bizzan.adapter.BankNameAdapter -> com.bizzan.adapter.BankNameAdapter:
    23:25:void convert(com.chad.library.adapter.base.BaseViewHolder,com.bizzan.entity.BankName) -> a
    16:16:void convert(com.chad.library.adapter.base.BaseViewHolder,java.lang.Object) -> convert
com.bizzan.adapter.BannerImageLoader -> com.bizzan.adapter.b:
    19:28:void <init>(int,int) -> <init>
    32:40:void displayImage(android.content.Context,java.lang.Object,android.widget.ImageView) -> a
    15:15:void displayImage(android.content.Context,java.lang.Object,android.view.View) -> displayImage
com.bizzan.adapter.BuySellAdapter -> com.bizzan.adapter.BuySellAdapter:
    26:35:void convert(com.chad.library.adapter.base.BaseViewHolder,com.bizzan.entity.Exchange) -> a
    19:19:void convert(com.chad.library.adapter.base.BaseViewHolder,java.lang.Object) -> convert
com.bizzan.adapter.C2CAdapter -> com.bizzan.adapter.C2CAdapter:
    android.content.Context context -> a
    28:30:void <init>(android.content.Context,int,java.util.List) -> <init>
    33:52:void convert(com.chad.library.adapter.base.BaseViewHolder,com.bizzan.entity.C2C$C2CBean) -> a
    24:24:void convert(com.chad.library.adapter.base.BaseViewHolder,java.lang.Object) -> convert
...
okhttp3.internal.ws.WebSocketProtocol -> okhttp3.internal.ws.WebSocketProtocol:
    126:127:void <init>() -> <init>
    123:123:java.lang.String acceptHeader(java.lang.String) -> acceptHeader
    108:109:java.lang.String closeCodeExceptionMessage(int) -> closeCodeExceptionMessage
    96:104:void toggleMask(okio.Buffer$UnsafeCursor,byte[]) -> toggleMask
    118:119:void validateCloseCode(int) -> validateCloseCode
okhttp3.internal.ws.WebSocketReader -> okhttp3.internal.ws.WebSocketReader:
    78:79:void <init>(boolean,okio.BufferedSource,okhttp3.internal.ws.WebSocketReader$FrameCallback) -> <init>
    101:107:void processNextFrame() -> processNextFrame
    172:195:void readControlFrame() -> readControlFrame
    110:110:void readHeader() -> readHeader
    243:243:void readMessage() -> readMessage
    211:223:void readMessageFrame() -> readMessageFrame
    227:234:void readUntilNonControlFrame() -> readUntilNonControlFrame
okhttp3.internal.ws.WebSocketWriter -> okhttp3.internal.ws.WebSocketWriter:
    61:62:void <init>(boolean,okio.BufferedSink,java.util.Random) -> <init>
    154:155:okio.Sink newMessageSink(int,long) -> newMessageSink
    92:108:void writeClose(int,okio.ByteString) -> writeClose
    113:113:void writeControlFrame(int,okio.ByteString) -> writeControlFrame
    170:170:void writeMessageFrame(int,long,boolean,boolean) -> writeMessageFrame
    76:77:void writePing(okio.ByteString) -> writePing
    81:82:void writePong(okio.ByteString) -> writePong
okhttp3.internal.ws.WebSocketWriter$FrameSink -> okhttp3.internal.ws.WebSocketWriter$FrameSink:
    215:215:void <init>(okhttp3.internal.ws.WebSocketWriter) -> <init>
    251:251:void close() -> close
    239:239:void flush() -> flush
    246:246:okio.Timeout timeout() -> timeout
    222:222:void write(okio.Buffer,long) -> write
okio.AsyncTimeout -> c.c:
    50:51:void <clinit>() -> <clinit>
    41:41:void <init>() -> <init>
    342:368:okio.AsyncTimeout awaitTimeout() -> awaitTimeout
    128:127:boolean cancelScheduledTimeout(okio.AsyncTimeout) -> cancelScheduledTimeout
    73:73:void enter() -> enter
    120:122:boolean exit() -> exit
    274:276:void exit(boolean) -> exit
    284:285:java.io.IOException exit(java.io.IOException) -> exit
    294:298:java.io.IOException newTimeoutException(java.io.IOException) -> newTimeoutException
    145:145:long remainingNanos(long) -> remainingNanos
    86:85:void scheduleTimeout(okio.AsyncTimeout,long,boolean) -> scheduleTimeout
    160:160:okio.Sink sink(okio.Sink) -> sink
    232:232:okio.Source source(okio.Source) -> source
    153:153:void timedOut() -> timedOut
okio.AsyncTimeout$1 -> c.a:
    okio.AsyncTimeout this$0 -> b
    okio.Sink val$sink -> a
    160:160:void <init>(okio.AsyncTimeout,okio.Sink) -> <init>
    205:213:void close() -> close
    192:200:void flush() -> flush
    218:218:okio.Timeout timeout() -> timeout
    222:222:java.lang.String toString() -> toString
    162:189:void write(okio.Buffer,long) -> write
okio.AsyncTimeout$2 -> c.b:
    okio.Source val$source -> a
    okio.AsyncTimeout this$0 -> b
    232:232:void <init>(okio.AsyncTimeout,okio.Source) -> <init>
    248:255:void close() -> close
    234:243:long read(okio.Buffer,long) -> read
    260:260:okio.Timeout timeout() -> timeout
    264:264:java.lang.String toString() -> toString
okio.AsyncTimeout$Watchdog -> c.c$a:
    303:305:void <init>() -> <init>
    311:328:void run() -> run
okio.Base64 -> c.d:
    byte[] URL_MAP -> b
    byte[] MAP -> a
    110:117:void <clinit>() -> <clinit>
    31:107:byte[] decode(java.lang.String) -> a
    125:125:java.lang.String encode(byte[]) -> a
    133:159:java.lang.String encode(byte[],byte[]) -> a